生成启动时间为 2015/9/23 17:40:30。
     1>项目“C:\D\wavelet1d_C\build\serialport\qexserialport.vcxproj”在节点 3 上(Rebuild 个目标)。
     1>_PrepareForClean:
         正在删除文件“qexserialport.dir\Debug\qexserialport.lastbuildstate”。
       InitializeBuildStatus:
         正在创建“qexserialport.dir\Debug\qexserialport.unsuccessfulbuild”，因为已指定“AlwaysCreate”。
       CustomBuild:
         Building Custom Rule C:/D/wavelet1d_C/serialport/CMakeLists.txt
         CMake does not need to re-run because C:\D\wavelet1d_C\build\serialport\CMakeFiles\generate.stamp is up-to-date.
         Generating moc_qextserialbase.cxx
         Generating moc_qextserialport.cxx
         Generating moc_win_qextserialport.cxx
       ClCompile:
         C:\Program Files (x86)\Microsoft Visual Studio 11.0\VC\bin\x86_amd64\CL.exe /c /IC:\Qt\4.8.6\include /IC:\Qt\4.8.6\include\QtGui /IC:\Qt\4.8.6\include\QtCore /I"C:\D\Qt\qwt-6.1.2\src" /IC:\D\wavelet1d_C /IC:\D\wavelet1d_C\build /IC:\D\wavelet1d_C\serialport /IC:\D\wavelet1d_C\algorithm /IC:\D\wavelet1d_C\window /IC:\D\wavelet1d_C\build\serialport /Zi /nologo /W3 /WX- /Od /Ob0 /D WIN32 /D _WINDOWS /D _DEBUG /D QT_DLL /D QT_GUI_LIB /D QT_CORE_LIB /D "CMAKE_INTDIR=\"Debug\"" /D _MBCS /Gm- /EHsc /RTC1 /MDd /GS /fp:precise /Zc:wchar_t /Zc:forScope /GR /Fo"qexserialport.dir\Debug\\" /Fd"qexserialport.dir\Debug\vc110.pdb" /Gd /TP /errorReport:prompt C:\D\wavelet1d_C\serialport\qextserialbase.cpp C:\D\wavelet1d_C\serialport\qextserialport.cpp C:\D\wavelet1d_C\serialport\win_qextserialport.cpp C:\D\wavelet1d_C\build\serialport\moc_qextserialbase.cxx C:\D\wavelet1d_C\build\serialport\moc_qextserialport.cxx C:\D\wavelet1d_C\build\serialport\moc_win_qextserialport.cxx
         qextserialbase.cpp
         qextserialport.cpp
         win_qextserialport.cpp
         moc_qextserialbase.cxx
         moc_qextserialport.cxx
         moc_win_qextserialport.cxx
         正在生成代码...
       Lib:
         C:\Program Files (x86)\Microsoft Visual Studio 11.0\VC\bin\x86_amd64\Lib.exe /OUT:"C:\D\wavelet1d_C\build\serialport\Debug\qexserialport.lib" /NOLOGO /MACHINE:X64 qexserialport.dir\Debug\qextserialbase.obj
         qexserialport.dir\Debug\qextserialport.obj
         qexserialport.dir\Debug\win_qextserialport.obj
         qexserialport.dir\Debug\moc_qextserialbase.obj
         qexserialport.dir\Debug\moc_qextserialport.obj
         qexserialport.dir\Debug\moc_win_qextserialport.obj
         qexserialport.vcxproj -> C:\D\wavelet1d_C\build\serialport\Debug\qexserialport.lib
       FinalizeBuildStatus:
         正在删除文件“qexserialport.dir\Debug\qexserialport.unsuccessfulbuild”。
         正在对“qexserialport.dir\Debug\qexserialport.lastbuildstate”执行 Touch 任务。
     1>已完成生成项目“C:\D\wavelet1d_C\build\serialport\qexserialport.vcxproj”(Rebuild 个目标)的操作。

生成成功。

已用时间 00:00:05.34
