C:\D\WAVELET1D_C\BUILD\SERIALPORT\QEXSERIALPORT.DIR\DEBUG\MOC_WIN_QEXTSERIALPORT.OBJ
C:\D\WAVELET1D_C\BUILD\SERIALPORT\QEXSERIALPORT.DIR\DEBUG\MOC_QEXTSERIALPORT.OBJ
C:\D\WAVELET1D_C\BUILD\SERIALPORT\QEXSERIALPORT.DIR\DEBUG\MOC_QEXTSERIALBASE.OBJ
C:\D\WAVELET1D_C\BUILD\SERIALPORT\QEXSERIALPORT.DIR\DEBUG\WIN_QEXTSERIALPORT.OBJ
C:\D\WAVELET1D_C\BUILD\SERIALPORT\QEXSERIALPORT.DIR\DEBUG\QEXTSERIALPORT.OBJ
C:\D\WAVELET1D_C\BUILD\SERIALPORT\QEXSERIALPORT.DIR\DEBUG\QEXTSERIALBASE.OBJ
C:\D\WAVELET1D_C\BUILD\SERIALPORT\QEXSERIALPORT.DIR\DEBUG\VC110.PDB
C:\D\WAVELET1D_C\BUILD\SERIALPORT\CMAKEFILES\GENERATE.STAMP
C:\D\WAVELET1D_C\BUILD\SERIALPORT\MOC_QEXTSERIALBASE.CXX
C:\D\WAVELET1D_C\BUILD\SERIALPORT\MOC_QEXTSERIALPORT.CXX
C:\D\WAVELET1D_C\BUILD\SERIALPORT\MOC_WIN_QEXTSERIALPORT.CXX
C:\D\WAVELET1D_C\BUILD\SERIALPORT\DEBUG\QEXSERIALPORT.LIB
C:\D\wavelet1d_C\build\serialport\qexserialport.dir\Debug\moc_qextserialbase.obj
C:\D\wavelet1d_C\build\serialport\qexserialport.dir\Debug\moc_qextserialport.obj
C:\D\wavelet1d_C\build\serialport\qexserialport.dir\Debug\moc_win_qextserialport.obj
C:\D\wavelet1d_C\build\serialport\qexserialport.dir\Debug\qextserialbase.obj
C:\D\wavelet1d_C\build\serialport\qexserialport.dir\Debug\qextserialport.obj
C:\D\wavelet1d_C\build\serialport\qexserialport.dir\Debug\win_qextserialport.obj
C:\D\wavelet1d_C\build\serialport\qexserialport.dir\Debug\cl.command.1.tlog
C:\D\wavelet1d_C\build\serialport\qexserialport.dir\Debug\CL.read.1.tlog
C:\D\wavelet1d_C\build\serialport\qexserialport.dir\Debug\CL.write.1.tlog
C:\D\wavelet1d_C\build\serialport\qexserialport.dir\Debug\custombuild.command.1.tlog
C:\D\wavelet1d_C\build\serialport\qexserialport.dir\Debug\custombuild.read.1.tlog
C:\D\wavelet1d_C\build\serialport\qexserialport.dir\Debug\custombuild.write.1.tlog
C:\D\wavelet1d_C\build\serialport\qexserialport.dir\Debug\Lib-link.read.1.tlog
C:\D\wavelet1d_C\build\serialport\qexserialport.dir\Debug\Lib-link.write.1.tlog
C:\D\wavelet1d_C\build\serialport\qexserialport.dir\Debug\lib.command.1.tlog
C:\D\wavelet1d_C\build\serialport\qexserialport.dir\Debug\vc110.pdb
C:\D\wavelet1d_C\build\serialport\Debug\qexserialport.lib
