生成启动时间为 2015/9/23 17:40:30。
     1>项目“C:\D\wavelet1d_C\build\algorithm\wavelet_cpp.vcxproj”在节点 6 上(Rebuild 个目标)。
     1>_PrepareForClean:
         正在删除文件“wavelet_cpp.dir\Debug\wavelet_cpp.lastbuildstate”。
       InitializeBuildStatus:
         正在创建“wavelet_cpp.dir\Debug\wavelet_cpp.unsuccessfulbuild”，因为已指定“AlwaysCreate”。
       CustomBuild:
         Building Custom Rule C:/D/wavelet1d_C/algorithm/CMakeLists.txt
         CMake does not need to re-run because C:\D\wavelet1d_C\build\algorithm\CMakeFiles\generate.stamp is up-to-date.
       ClCompile:
         C:\Program Files (x86)\Microsoft Visual Studio 11.0\VC\bin\x86_amd64\CL.exe /c /IC:\Qt\4.8.6\include /IC:\Qt\4.8.6\include\QtGui /IC:\Qt\4.8.6\include\QtCore /I"C:\D\Qt\qwt-6.1.2\src" /IC:\D\wavelet1d_C /IC:\D\wavelet1d_C\build /IC:\D\wavelet1d_C\serialport /IC:\D\wavelet1d_C\algorithm /IC:\D\wavelet1d_C\window /Zi /nologo /W3 /WX- /Od /Ob0 /D WIN32 /D _WINDOWS /D _DEBUG /D QT_DLL /D QT_GUI_LIB /D QT_CORE_LIB /D "CMAKE_INTDIR=\"Debug\"" /D _MBCS /Gm- /EHsc /RTC1 /MDd /GS /fp:precise /Zc:wchar_t /Zc:forScope /GR /Fo"wavelet_cpp.dir\Debug\\" /Fd"wavelet_cpp.dir\Debug\vc110.pdb" /Gd /TP /errorReport:prompt C:\D\wavelet1d_C\algorithm\Wavelet.cpp
         Wavelet.cpp
     1>C:\D\wavelet1d_C\algorithm\Wavelet.cpp(32): warning C4267: “初始化”: 从“size_t”转换到“int”，可能丢失数据
     1>C:\D\wavelet1d_C\algorithm\Wavelet.cpp(46): warning C4267: “参数”: 从“size_t”转换到“int”，可能丢失数据
     1>C:\D\wavelet1d_C\algorithm\Wavelet.cpp(51): warning C4267: “参数”: 从“size_t”转换到“int”，可能丢失数据
     1>C:\D\wavelet1d_C\algorithm\Wavelet.cpp(61): warning C4267: “初始化”: 从“size_t”转换到“int”，可能丢失数据
     1>C:\D\wavelet1d_C\algorithm\Wavelet.cpp(94): warning C4267: “初始化”: 从“size_t”转换到“int”，可能丢失数据
     1>C:\D\wavelet1d_C\algorithm\Wavelet.cpp(131): warning C4267: “初始化”: 从“size_t”转换到“int”，可能丢失数据
     1>C:\D\wavelet1d_C\algorithm\Wavelet.cpp(132): warning C4267: “初始化”: 从“size_t”转换到“int”，可能丢失数据
     1>C:\D\wavelet1d_C\algorithm\Wavelet.cpp(177): warning C4267: “初始化”: 从“size_t”转换到“int”，可能丢失数据
     1>C:\D\wavelet1d_C\algorithm\Wavelet.cpp(239): warning C4267: “初始化”: 从“size_t”转换到“int”，可能丢失数据
     1>C:\D\wavelet1d_C\algorithm\Wavelet.cpp(276): warning C4267: “初始化”: 从“size_t”转换到“int”，可能丢失数据
     1>C:\D\wavelet1d_C\algorithm\Wavelet.cpp(318): warning C4267: “初始化”: 从“size_t”转换到“int”，可能丢失数据
       Lib:
         C:\Program Files (x86)\Microsoft Visual Studio 11.0\VC\bin\x86_amd64\Lib.exe /OUT:"C:\D\wavelet1d_C\build\algorithm\Debug\wavelet_cpp.lib" /NOLOGO /MACHINE:X64 wavelet_cpp.dir\Debug\Wavelet.obj
         wavelet_cpp.vcxproj -> C:\D\wavelet1d_C\build\algorithm\Debug\wavelet_cpp.lib
       FinalizeBuildStatus:
         正在删除文件“wavelet_cpp.dir\Debug\wavelet_cpp.unsuccessfulbuild”。
         正在对“wavelet_cpp.dir\Debug\wavelet_cpp.lastbuildstate”执行 Touch 任务。
     1>已完成生成项目“C:\D\wavelet1d_C\build\algorithm\wavelet_cpp.vcxproj”(Rebuild 个目标)的操作。

生成成功。

已用时间 00:00:00.99
