C:\D\WAVELET1D_C\BUILD\ECG.DIR\DEBUG\MAIN.OBJ
C:\D\WAVELET1D_C\BUILD\ECG.DIR\DEBUG\VC110.PDB
C:\D\WAVELET1D_C\BUILD\CMAKEFILES\GENERATE.STAMP
C:\D\WAVELET1D_C\BUILD\DEBUG\ECG.ILK
C:\D\WAVELET1D_C\BUILD\DEBUG\ECG.EXE
C:\D\WAVELET1D_C\BUILD\DEBUG\ECG.PDB
C:\D\wavelet1d_C\build\ECG.dir\Debug\main.obj
C:\D\wavelet1d_C\build\ECG.dir\Debug\cl.command.1.tlog
C:\D\wavelet1d_C\build\ECG.dir\Debug\CL.read.1.tlog
C:\D\wavelet1d_C\build\ECG.dir\Debug\CL.write.1.tlog
C:\D\wavelet1d_C\build\ECG.dir\Debug\custombuild.command.1.tlog
C:\D\wavelet1d_C\build\ECG.dir\Debug\custombuild.read.1.tlog
C:\D\wavelet1d_C\build\ECG.dir\Debug\custombuild.write.1.tlog
C:\D\wavelet1d_C\build\ECG.dir\Debug\link-cvtres.read.1.tlog
C:\D\wavelet1d_C\build\ECG.dir\Debug\link-cvtres.write.1.tlog
C:\D\wavelet1d_C\build\ECG.dir\Debug\link-rc.read.1.tlog
C:\D\wavelet1d_C\build\ECG.dir\Debug\link-rc.write.1.tlog
C:\D\wavelet1d_C\build\ECG.dir\Debug\link.command.1.tlog
C:\D\wavelet1d_C\build\ECG.dir\Debug\link.read.1.tlog
C:\D\wavelet1d_C\build\ECG.dir\Debug\link.write.1.tlog
C:\D\wavelet1d_C\build\ECG.dir\Debug\vc110.pdb
C:\D\wavelet1d_C\build\Debug\ECG.pdb
C:\D\wavelet1d_C\build\Debug\ECG.exe
C:\D\wavelet1d_C\build\Debug\ECG.ilk
