生成启动时间为 2015/9/23 17:40:30。
     1>项目“C:\D\wavelet1d_C\build\algorithm\firwin.vcxproj”在节点 2 上(Rebuild 个目标)。
     1>_PrepareForClean:
         正在删除文件“firwin.dir\Debug\firwin.lastbuildstate”。
       InitializeBuildStatus:
         正在创建“firwin.dir\Debug\firwin.unsuccessfulbuild”，因为已指定“AlwaysCreate”。
       CustomBuild:
         Building Custom Rule C:/D/wavelet1d_C/algorithm/CMakeLists.txt
         CMake does not need to re-run because C:\D\wavelet1d_C\build\algorithm\CMakeFiles\generate.stamp is up-to-date.
       ClCompile:
         C:\Program Files (x86)\Microsoft Visual Studio 11.0\VC\bin\x86_amd64\CL.exe /c /IC:\Qt\4.8.6\include /IC:\Qt\4.8.6\include\QtGui /IC:\Qt\4.8.6\include\QtCore /I"C:\D\Qt\qwt-6.1.2\src" /IC:\D\wavelet1d_C /IC:\D\wavelet1d_C\build /IC:\D\wavelet1d_C\serialport /IC:\D\wavelet1d_C\algorithm /IC:\D\wavelet1d_C\window /Zi /nologo /W3 /WX- /Od /Ob0 /D WIN32 /D _WINDOWS /D _DEBUG /D QT_DLL /D QT_GUI_LIB /D QT_CORE_LIB /D "CMAKE_INTDIR=\"Debug\"" /D _MBCS /Gm- /RTC1 /MDd /GS /fp:precise /Zc:wchar_t /Zc:forScope /Fo"firwin.dir\Debug\\" /Fd"firwin.dir\Debug\vc110.pdb" /Gd /TC /errorReport:prompt C:\D\wavelet1d_C\algorithm\firwin.c
         firwin.c
       Lib:
         C:\Program Files (x86)\Microsoft Visual Studio 11.0\VC\bin\x86_amd64\Lib.exe /OUT:"C:\D\wavelet1d_C\build\algorithm\Debug\firwin.lib" /NOLOGO /MACHINE:X64 firwin.dir\Debug\firwin.obj
         firwin.vcxproj -> C:\D\wavelet1d_C\build\algorithm\Debug\firwin.lib
       FinalizeBuildStatus:
         正在删除文件“firwin.dir\Debug\firwin.unsuccessfulbuild”。
         正在对“firwin.dir\Debug\firwin.lastbuildstate”执行 Touch 任务。
     1>已完成生成项目“C:\D\wavelet1d_C\build\algorithm\firwin.vcxproj”(Rebuild 个目标)的操作。

生成成功。

已用时间 00:00:00.41
