生成启动时间为 2015/9/23 19:00:28。
     1>项目“C:\D\wavelet1d_C\build\algorithm\wavelet_algorithm.vcxproj”在节点 2 上(Build 个目标)。
     1>InitializeBuildStatus:
         正在创建“wavelet_algorithm.dir\Release\wavelet_algorithm.unsuccessfulbuild”，因为已指定“AlwaysCreate”。
       CustomBuild:
         所有输出均为最新。
       ClCompile:
         C:\Program Files (x86)\Microsoft Visual Studio 11.0\VC\bin\x86_amd64\CL.exe /c /IC:\Qt\4.8.6\include /IC:\Qt\4.8.6\include\QtGui /IC:\Qt\4.8.6\include\QtCore /I"C:\D\Qt\qwt-6.1.2\src" /IC:\D\wavelet1d_C /IC:\D\wavelet1d_C\build /IC:\D\wavelet1d_C\serialport /IC:\D\wavelet1d_C\algorithm /IC:\D\wavelet1d_C\window /nologo /W3 /WX- /O2 /Ob2 /D WIN32 /D _WINDOWS /D NDEBUG /D QT_DLL /D QT_NO_DEBUG /D QT_GUI_LIB /D QT_CORE_LIB /D "CMAKE_INTDIR=\"Release\"" /D _MBCS /Gm- /EHsc /MD /GS /fp:precise /Zc:wchar_t /Zc:forScope /GR /Fo"wavelet_algorithm.dir\Release\\" /Fd"wavelet_algorithm.dir\Release\vc110.pdb" /Gd /TP /errorReport:prompt C:\D\wavelet1d_C\algorithm\test.cpp
         test.cpp
     1>C:\D\wavelet1d_C\algorithm\test.cpp(26): warning C4996: 'fopen': This function or variable may be unsafe. Consider using fopen_s instead. To disable deprecation, use _CRT_SECURE_NO_WARNINGS. See online help for details.
                 C:\Program Files (x86)\Microsoft Visual Studio 11.0\VC\include\stdio.h(218) : 参见“fopen”的声明
     1>C:\D\wavelet1d_C\algorithm\test.cpp(27): warning C4996: 'fopen': This function or variable may be unsafe. Consider using fopen_s instead. To disable deprecation, use _CRT_SECURE_NO_WARNINGS. See online help for details.
                 C:\Program Files (x86)\Microsoft Visual Studio 11.0\VC\include\stdio.h(218) : 参见“fopen”的声明
       Link:
         C:\Program Files (x86)\Microsoft Visual Studio 11.0\VC\bin\x86_amd64\link.exe /ERRORREPORT:PROMPT /OUT:"C:\D\wavelet1d_C\build\algorithm\Release\wavelet_algorithm.exe" /INCREMENTAL:NO /NOLOGO kernel32.lib user32.lib gdi32.lib winspool.lib shell32.lib ole32.lib oleaut32.lib uuid.lib comdlg32.lib advapi32.lib Release\wavelet_c.lib Release\wavelet_cpp.lib Release\firwin.lib /MANIFEST /MANIFESTUAC:"level='asInvoker' uiAccess='false'" /manifest:embed /PDB:"C:/D/wavelet1d_C/build/algorithm/Release/wavelet_algorithm.pdb" /SUBSYSTEM:CONSOLE /TLBID:1 /DYNAMICBASE /NXCOMPAT /IMPLIB:"C:/D/wavelet1d_C/build/algorithm/Release/wavelet_algorithm.lib" /MACHINE:X64  /machine:x64 wavelet_algorithm.dir\Release\test.obj
         wavelet_algorithm.vcxproj -> C:\D\wavelet1d_C\build\algorithm\Release\wavelet_algorithm.exe
       FinalizeBuildStatus:
         正在删除文件“wavelet_algorithm.dir\Release\wavelet_algorithm.unsuccessfulbuild”。
         正在对“wavelet_algorithm.dir\Release\wavelet_algorithm.lastbuildstate”执行 Touch 任务。
     1>已完成生成项目“C:\D\wavelet1d_C\build\algorithm\wavelet_algorithm.vcxproj”(Build 个目标)的操作。

生成成功。

已用时间 00:00:00.47
