C:\D\WAVELET1D_C\BUILD\ALGORITHM\WAVELET_ALGORITHM.DIR\DEBUG\TEST.OBJ
C:\D\WAVELET1D_C\BUILD\ALGORITHM\WAVELET_ALGORITHM.DIR\DEBUG\VC110.PDB
C:\D\WAVELET1D_C\BUILD\ALGORITHM\CMAKEFILES\GENERATE.STAMP
C:\D\WAVELET1D_C\BUILD\ALGORITHM\DEBUG\WAVELET_ALGORITHM.ILK
C:\D\WAVELET1D_C\BUILD\ALGORITHM\DEBUG\WAVELET_ALGORITHM.EXE
C:\D\WAVELET1D_C\BUILD\ALGORITHM\DEBUG\WAVELET_ALGORITHM.PDB
C:\D\wavelet1d_C\build\algorithm\wavelet_algorithm.dir\Debug\test.obj
C:\D\wavelet1d_C\build\algorithm\wavelet_algorithm.dir\Debug\cl.command.1.tlog
C:\D\wavelet1d_C\build\algorithm\wavelet_algorithm.dir\Debug\CL.read.1.tlog
C:\D\wavelet1d_C\build\algorithm\wavelet_algorithm.dir\Debug\CL.write.1.tlog
C:\D\wavelet1d_C\build\algorithm\wavelet_algorithm.dir\Debug\custombuild.command.1.tlog
C:\D\wavelet1d_C\build\algorithm\wavelet_algorithm.dir\Debug\custombuild.read.1.tlog
C:\D\wavelet1d_C\build\algorithm\wavelet_algorithm.dir\Debug\custombuild.write.1.tlog
C:\D\wavelet1d_C\build\algorithm\wavelet_algorithm.dir\Debug\link-cvtres.read.1.tlog
C:\D\wavelet1d_C\build\algorithm\wavelet_algorithm.dir\Debug\link-cvtres.write.1.tlog
C:\D\wavelet1d_C\build\algorithm\wavelet_algorithm.dir\Debug\link-rc.read.1.tlog
C:\D\wavelet1d_C\build\algorithm\wavelet_algorithm.dir\Debug\link-rc.write.1.tlog
C:\D\wavelet1d_C\build\algorithm\wavelet_algorithm.dir\Debug\link.command.1.tlog
C:\D\wavelet1d_C\build\algorithm\wavelet_algorithm.dir\Debug\link.read.1.tlog
C:\D\wavelet1d_C\build\algorithm\wavelet_algorithm.dir\Debug\link.write.1.tlog
C:\D\wavelet1d_C\build\algorithm\wavelet_algorithm.dir\Debug\vc110.pdb
C:\D\wavelet1d_C\build\algorithm\Debug\wavelet_algorithm.pdb
C:\D\wavelet1d_C\build\algorithm\Debug\wavelet_algorithm.exe
C:\D\wavelet1d_C\build\algorithm\Debug\wavelet_algorithm.ilk
