C:\D\WAVELET1D_C\BUILD\WINDOW\WINDOW.DIR\DEBUG\MOC_MAINWINDOW.OBJ
C:\D\WAVELET1D_C\BUILD\WINDOW\WINDOW.DIR\DEBUG\MAINWINDOW.OBJ
C:\D\WAVELET1D_C\BUILD\WINDOW\WINDOW.DIR\DEBUG\VC110.PDB
C:\D\WAVELET1D_C\BUILD\WINDOW\CMAKEFILES\GENERATE.STAMP
C:\D\WAVELET1D_C\BUILD\WINDOW\UI_MAINWINDOW.H
C:\D\WAVELET1D_C\BUILD\WINDOW\MOC_MAINWINDOW.CXX
C:\D\WAVELET1D_C\BUILD\WINDOW\DEBUG\WINDOW.LIB
C:\D\wavelet1d_C\build\window\window.dir\Debug\MainWindow.obj
C:\D\wavelet1d_C\build\window\window.dir\Debug\moc_MainWindow.obj
C:\D\wavelet1d_C\build\window\window.dir\Debug\cl.command.1.tlog
C:\D\wavelet1d_C\build\window\window.dir\Debug\CL.read.1.tlog
C:\D\wavelet1d_C\build\window\window.dir\Debug\CL.write.1.tlog
C:\D\wavelet1d_C\build\window\window.dir\Debug\custombuild.command.1.tlog
C:\D\wavelet1d_C\build\window\window.dir\Debug\custombuild.read.1.tlog
C:\D\wavelet1d_C\build\window\window.dir\Debug\custombuild.write.1.tlog
C:\D\wavelet1d_C\build\window\window.dir\Debug\Lib-link.read.1.tlog
C:\D\wavelet1d_C\build\window\window.dir\Debug\Lib-link.write.1.tlog
C:\D\wavelet1d_C\build\window\window.dir\Debug\lib.command.1.tlog
C:\D\wavelet1d_C\build\window\window.dir\Debug\vc110.pdb
C:\D\wavelet1d_C\build\window\Debug\window.lib
