生成启动时间为 2015/9/23 18:49:02。
     1>项目“C:\D\wavelet1d_C\build\window\window.vcxproj”在节点 2 上(Build 个目标)。
     1>InitializeBuildStatus:
         正在创建“window.dir\Debug\window.unsuccessfulbuild”，因为已指定“AlwaysCreate”。
       CustomBuild:
         所有输出均为最新。
       ClCompile:
         C:\Program Files (x86)\Microsoft Visual Studio 11.0\VC\bin\x86_amd64\CL.exe /c /IC:\Qt\4.8.6\include /IC:\Qt\4.8.6\include\QtGui /IC:\Qt\4.8.6\include\QtCore /I"C:\D\Qt\qwt-6.1.2\src" /IC:\D\wavelet1d_C /IC:\D\wavelet1d_C\build /IC:\D\wavelet1d_C\serialport /IC:\D\wavelet1d_C\algorithm /IC:\D\wavelet1d_C\window /IC:\D\wavelet1d_C\build\window /Zi /nologo /W3 /WX- /Od /Ob0 /D WIN32 /D _WINDOWS /D _DEBUG /D QT_DLL /D QT_GUI_LIB /D QT_CORE_LIB /D "CMAKE_INTDIR=\"Debug\"" /D _MBCS /Gm- /EHsc /RTC1 /MDd /GS /fp:precise /Zc:wchar_t /Zc:forScope /GR /Fo"window.dir\Debug\\" /Fd"window.dir\Debug\vc110.pdb" /Gd /TP /errorReport:prompt C:\D\wavelet1d_C\build\window\moc_MainWindow.cxx C:\D\wavelet1d_C\window\MainWindow.cpp
         moc_MainWindow.cxx
         MainWindow.cpp
     1>C:\D\wavelet1d_C\window\MainWindow.cpp(3881): warning C4305: “参数”: 从“Qt::CheckState”到“bool”截断
     1>C:\D\wavelet1d_C\window\MainWindow.cpp(3939): warning C4806: “|”: 不安全操作: 从类型“bool”提升到类型“QIODevice::OpenModeFlag”的值不能等于给定的常量
         正在生成代码...
       Lib:
         C:\Program Files (x86)\Microsoft Visual Studio 11.0\VC\bin\x86_amd64\Lib.exe /OUT:"C:\D\wavelet1d_C\build\window\Debug\window.lib" /NOLOGO /MACHINE:X64 window.dir\Debug\MainWindow.obj
         window.dir\Debug\moc_MainWindow.obj
         window.vcxproj -> C:\D\wavelet1d_C\build\window\Debug\window.lib
       FinalizeBuildStatus:
         正在删除文件“window.dir\Debug\window.unsuccessfulbuild”。
         正在对“window.dir\Debug\window.lastbuildstate”执行 Touch 任务。
     1>已完成生成项目“C:\D\wavelet1d_C\build\window\window.vcxproj”(Build 个目标)的操作。

生成成功。

已用时间 00:00:03.25
