生成启动时间为 2015/9/23 18:50:07。
     1>项目“C:\D\wavelet1d_C\build\serialport\qexserialport.vcxproj”在节点 3 上(Build 个目标)。
     1>InitializeBuildStatus:
         正在创建“qexserialport.dir\Release\qexserialport.unsuccessfulbuild”，因为已指定“AlwaysCreate”。
       CustomBuild:
         所有输出均为最新。
       ClCompile:
         C:\Program Files (x86)\Microsoft Visual Studio 11.0\VC\bin\x86_amd64\CL.exe /c /IC:\Qt\4.8.6\include /IC:\Qt\4.8.6\include\QtGui /IC:\Qt\4.8.6\include\QtCore /I"C:\D\Qt\qwt-6.1.2\src" /IC:\D\wavelet1d_C /IC:\D\wavelet1d_C\build /IC:\D\wavelet1d_C\serialport /IC:\D\wavelet1d_C\algorithm /IC:\D\wavelet1d_C\window /IC:\D\wavelet1d_C\build\serialport /nologo /W3 /WX- /O2 /Ob2 /D WIN32 /D _WINDOWS /D NDEBUG /D QT_DLL /D QT_NO_DEBUG /D QT_GUI_LIB /D QT_CORE_LIB /D "CMAKE_INTDIR=\"Release\"" /D _MBCS /Gm- /EHsc /MD /GS /fp:precise /Zc:wchar_t /Zc:forScope /GR /Fo"qexserialport.dir\Release\\" /Fd"qexserialport.dir\Release\vc110.pdb" /Gd /TP /errorReport:prompt C:\D\wavelet1d_C\build\serialport\moc_qextserialbase.cxx C:\D\wavelet1d_C\build\serialport\moc_qextserialport.cxx C:\D\wavelet1d_C\build\serialport\moc_win_qextserialport.cxx
         moc_qextserialbase.cxx
         moc_qextserialport.cxx
         moc_win_qextserialport.cxx
         正在生成代码...
       Lib:
         C:\Program Files (x86)\Microsoft Visual Studio 11.0\VC\bin\x86_amd64\Lib.exe /OUT:"C:\D\wavelet1d_C\build\serialport\Release\qexserialport.lib" /NOLOGO /MACHINE:X64 qexserialport.dir\Release\qextserialbase.obj
         qexserialport.dir\Release\qextserialport.obj
         qexserialport.dir\Release\win_qextserialport.obj
         qexserialport.dir\Release\moc_qextserialbase.obj
         qexserialport.dir\Release\moc_qextserialport.obj
         qexserialport.dir\Release\moc_win_qextserialport.obj
         qexserialport.vcxproj -> C:\D\wavelet1d_C\build\serialport\Release\qexserialport.lib
       FinalizeBuildStatus:
         正在删除文件“qexserialport.dir\Release\qexserialport.unsuccessfulbuild”。
         正在对“qexserialport.dir\Release\qexserialport.lastbuildstate”执行 Touch 任务。
     1>已完成生成项目“C:\D\wavelet1d_C\build\serialport\qexserialport.vcxproj”(Build 个目标)的操作。

生成成功。

已用时间 00:00:02.44
